<?xml version="1.0" encoding="UTF-8"?>
<!-- Generated by org.testng.reporters.JUnitReportReporter -->
<testsuite skipped="0" hostname="DESKTOP-1H3SFE2" name="com.qa.tests.TestCrawler" tests="1" failures="0" timestamp="09 Oct 2021 18:17:39 GMT" time="86.537" errors="0">
  <testcase name="execution" time="86.537" classname="com.qa.tests.TestCrawler"/>
</testsuite> <!-- com.qa.tests.TestCrawler -->
